0 info it worked if it ends with ok
1 verbose cli [ '/usr/local/bin/node',
1 verbose cli   '/usr/local/bin/npm',
1 verbose cli   'run',
1 verbose cli   'build:prod' ]
2 info using npm@3.10.10
3 info using node@v6.11.3
4 verbose run-script [ 'prebuild:prod', 'build:prod', 'postbuild:prod' ]
5 info lifecycle Sing@3.7.0~prebuild:prod: Sing@3.7.0
6 silly lifecycle Sing@3.7.0~prebuild:prod: no script for prebuild:prod, continuing
7 info lifecycle Sing@3.7.0~build:prod: Sing@3.7.0
8 verbose lifecycle Sing@3.7.0~build:prod: unsafe-perm in lifecycle true
9 verbose lifecycle Sing@3.7.0~build:prod: PATH: /usr/local/lib/node_modules/npm/bin/node-gyp-bin:/Users/pascalpeeters/Documents/GitHub/your-race-fe/node_modules/.bin:/Users/pascalpeeters/.rvm/gems/ruby-2.4.1/bin:/Users/pascalpeeters/.rvm/gems/ruby-2.4.1@global/bin:/Users/pascalpeeters/.rvm/rubies/ruby-2.4.1/bin:/usr/local/bin:/usr/bin:/bin:/usr/sbin:/sbin:/Users/pascalpeeters/.rvm/bin
10 verbose lifecycle Sing@3.7.0~build:prod: CWD: /Users/pascalpeeters/Documents/GitHub/your-race-fe
11 silly lifecycle Sing@3.7.0~build:prod: Args: [ '-c',
11 silly lifecycle   'npm run clean:dist && npm run webpack -- --config config/webpack.prod.js  --progress --profile --bail' ]
12 silly lifecycle Sing@3.7.0~build:prod: Returned: code: 1  signal: null
13 info lifecycle Sing@3.7.0~build:prod: Failed to exec build:prod script
14 verbose stack Error: Sing@3.7.0 build:prod: `npm run clean:dist && npm run webpack -- --config config/webpack.prod.js  --progress --profile --bail`
14 verbose stack Exit status 1
14 verbose stack     at EventEmitter.<anonymous> (/usr/local/lib/node_modules/npm/lib/utils/lifecycle.js:255:16)
14 verbose stack     at emitTwo (events.js:106:13)
14 verbose stack     at EventEmitter.emit (events.js:191:7)
14 verbose stack     at ChildProcess.<anonymous> (/usr/local/lib/node_modules/npm/lib/utils/spawn.js:40:14)
14 verbose stack     at emitTwo (events.js:106:13)
14 verbose stack     at ChildProcess.emit (events.js:191:7)
14 verbose stack     at maybeClose (internal/child_process.js:920:16)
14 verbose stack     at Process.ChildProcess._handle.onexit (internal/child_process.js:230:5)
15 verbose pkgid Sing@3.7.0
16 verbose cwd /Users/pascalpeeters/Documents/GitHub/your-race-fe
17 error Darwin 16.7.0
18 error argv "/usr/local/bin/node" "/usr/local/bin/npm" "run" "build:prod"
19 error node v6.11.3
20 error npm  v3.10.10
21 error code ELIFECYCLE
22 error Sing@3.7.0 build:prod: `npm run clean:dist && npm run webpack -- --config config/webpack.prod.js  --progress --profile --bail`
22 error Exit status 1
23 error Failed at the Sing@3.7.0 build:prod script 'npm run clean:dist && npm run webpack -- --config config/webpack.prod.js  --progress --profile --bail'.
23 error Make sure you have the latest version of node.js and npm installed.
23 error If you do, this is most likely a problem with the Sing package,
23 error not with npm itself.
23 error Tell the author that this fails on your system:
23 error     npm run clean:dist && npm run webpack -- --config config/webpack.prod.js  --progress --profile --bail
23 error You can get information on how to open an issue for this project with:
23 error     npm bugs Sing
23 error Or if that isn't available, you can get their info via:
23 error     npm owner ls Sing
23 error There is likely additional logging output above.
24 verbose exit [ 1, true ]
